This file contains any messages produced by compilers while
running configure, to aid debugging if configure makes a mistake.

It was created by configure, which was
generated by GNU Autoconf 2.69.  Invocation command line was

  $ ./configure 

## --------- ##
## Platform. ##
## --------- ##

hostname = Visa-Valtteris-MacBook-Pro.local
uname -m = x86_64
uname -r = 13.0.2
uname -s = Darwin
uname -v = Darwin Kernel Version 13.0.2: Sun Sep 29 19:38:57 PDT 2013; root:xnu-2422.75.4~1/RELEASE_X86_64

/usr/bin/uname -p = i386
/bin/uname -X     = unknown

/bin/arch              = unknown
/usr/bin/arch -k       = unknown
/usr/convex/getsysinfo = unknown
/usr/bin/hostinfo      = Mach kernel version:
	 Darwin Kernel Version 13.0.2: Sun Sep 29 19:38:57 PDT 2013; root:xnu-2422.75.4~1/RELEASE_X86_64
Kernel configured for up to 8 processors.
4 processors are physically available.
8 processors are logically available.
Processor type: i486 (Intel 80486)
Processors active: 0 1 2 3 4 5 6 7
Primary memory available: 8.00 gigabytes
Default processor set: 209 tasks, 1083 threads, 8 processors
Load average: 1.64, Mach factor: 6.35
/bin/machine           = unknown
/usr/bin/oslevel       = unknown
/bin/universe          = unknown

PATH: /usr/bin
PATH: /bin
PATH: /usr/sbin
PATH: /sbin
PATH: /usr/local/bin
PATH: /opt/X11/bin
PATH: /Applications/apache-maven-3.1.1/bin
PATH: /opt/local/bin


## ----------- ##
## Core tests. ##
## ----------- ##

configure:2062: checking build system type
configure:2076: result: x86_64-apple-darwin13.0.2
configure:2096: checking host system type
configure:2109: result: x86_64-apple-darwin13.0.2
configure:2177: checking for gcc
configure:2204: result: /Users/visy/dev/emscripten/emscripten/1.8.2/emcc
configure:2433: checking for C compiler version
configure:2442: /Users/visy/dev/emscripten/emscripten/1.8.2/emcc --version >&5
emcc (Emscripten GCC-like replacement) 1.8.2 ()
Copyright (C) 2013 the Emscripten authors (see AUTHORS.txt)
This is free and open source software under the MIT license.
There is NO warranty; not even for MERCHANTABILITY or FITNESS FOR A PARTICULAR PURPOSE.
  
configure:2453: $? = 0
configure:2442: /Users/visy/dev/emscripten/emscripten/1.8.2/emcc -v >&5
emcc (Emscripten GCC-like replacement + linker emulating GNU ld ) 1.8.2
clang version 3.2 (tags/RELEASE_32/final)
Target: x86_64-apple-darwin13.0.2
Thread model: posix
configure:2453: $? = 0
configure:2442: /Users/visy/dev/emscripten/emscripten/1.8.2/emcc -V >&5
clang: error: unsupported option '-V -nostdinc'
clang: error: no input files
configure:2453: $? = 1
configure:2442: /Users/visy/dev/emscripten/emscripten/1.8.2/emcc -qversion >&5
clang: error: no input files
configure:2453: $? = 1
configure:2473: checking whether the C compiler works
configure:2495: /Users/visy/dev/emscripten/emscripten/1.8.2/emcc    conftest.c  >&5
configure:2499: $? = 0
configure:2547: result: yes
configure:2550: checking for C compiler default output file name
configure:2552: result: a.out
configure:2558: checking for suffix of executables
configure:2565: /Users/visy/dev/emscripten/emscripten/1.8.2/emcc -o conftest    conftest.c  >&5
configure:2569: $? = 0
configure:2591: result: 
configure:2613: checking whether we are cross compiling
configure:2621: /Users/visy/dev/emscripten/emscripten/1.8.2/emcc -o conftest    conftest.c  >&5
configure:2625: $? = 0
configure:2632: ./conftest
configure:2636: $? = 0
configure:2651: result: no
configure:2656: checking for suffix of object files
configure:2678: /Users/visy/dev/emscripten/emscripten/1.8.2/emcc -c   conftest.c >&5
configure:2682: $? = 0
configure:2703: result: o
configure:2707: checking whether we are using the GNU C compiler
configure:2726: /Users/visy/dev/emscripten/emscripten/1.8.2/emcc -c   conftest.c >&5
configure:2726: $? = 0
configure:2735: result: yes
configure:2744: checking whether /Users/visy/dev/emscripten/emscripten/1.8.2/emcc accepts -g
configure:2764: /Users/visy/dev/emscripten/emscripten/1.8.2/emcc -c -g  conftest.c >&5
configure:2764: $? = 0
configure:2805: result: yes
configure:2822: checking for /Users/visy/dev/emscripten/emscripten/1.8.2/emcc option to accept ISO C89
configure:2885: /Users/visy/dev/emscripten/emscripten/1.8.2/emcc  -c   conftest.c >&5
configure:2885: $? = 0
configure:2898: result: none needed
configure:2932: checking for a BSD-compatible install
configure:3000: result: /usr/bin/install -c
configure:3054: checking for ranlib
configure:3081: result: /Users/visy/dev/emscripten/emscripten/1.8.2/emranlib
configure:3109: checking how to run the C preprocessor
configure:3140: /Users/visy/dev/emscripten/emscripten/1.8.2/emcc -E  conftest.c
configure:3140: $? = 0
configure:3154: /Users/visy/dev/emscripten/emscripten/1.8.2/emcc -E  conftest.c
conftest.c:2:10: fatal error: 'ac_nonexistent.h' file not found
#include <ac_nonexistent.h>
         ^
1 error generated.
configure:3154: $? = 1
configure: failed program was:
| /* end confdefs.h.  */
| #include <ac_nonexistent.h>
configure:3179: result: /Users/visy/dev/emscripten/emscripten/1.8.2/emcc -E
configure:3199: /Users/visy/dev/emscripten/emscripten/1.8.2/emcc -E  conftest.c
configure:3199: $? = 0
configure:3213: /Users/visy/dev/emscripten/emscripten/1.8.2/emcc -E  conftest.c
conftest.c:2:10: fatal error: 'ac_nonexistent.h' file not found
#include <ac_nonexistent.h>
         ^
1 error generated.
configure:3213: $? = 1
configure: failed program was:
| /* end confdefs.h.  */
| #include <ac_nonexistent.h>
configure:3242: checking for grep that handles long lines and -e
configure:3300: result: /usr/bin/grep
configure:3305: checking for egrep
configure:3367: result: /usr/bin/grep -E
configure:3372: checking for ANSI C header files
configure:3392: /Users/visy/dev/emscripten/emscripten/1.8.2/emcc -c   conftest.c >&5
configure:3392: $? = 0
configure:3465: /Users/visy/dev/emscripten/emscripten/1.8.2/emcc -o conftest    conftest.c  >&5
configure:3465: $? = 0
configure:3465: ./conftest
configure:3465: $? = 0
configure:3476: result: yes
configure:3489: checking for sys/types.h
configure:3489: /Users/visy/dev/emscripten/emscripten/1.8.2/emcc -c   conftest.c >&5
configure:3489: $? = 0
configure:3489: result: yes
configure:3489: checking for sys/stat.h
configure:3489: /Users/visy/dev/emscripten/emscripten/1.8.2/emcc -c   conftest.c >&5
configure:3489: $? = 0
configure:3489: result: yes
configure:3489: checking for stdlib.h
configure:3489: /Users/visy/dev/emscripten/emscripten/1.8.2/emcc -c   conftest.c >&5
configure:3489: $? = 0
configure:3489: result: yes
configure:3489: checking for string.h
configure:3489: /Users/visy/dev/emscripten/emscripten/1.8.2/emcc -c   conftest.c >&5
configure:3489: $? = 0
configure:3489: result: yes
configure:3489: checking for memory.h
configure:3489: /Users/visy/dev/emscripten/emscripten/1.8.2/emcc -c   conftest.c >&5
configure:3489: $? = 0
configure:3489: result: yes
configure:3489: checking for strings.h
configure:3489: /Users/visy/dev/emscripten/emscripten/1.8.2/emcc -c   conftest.c >&5
configure:3489: $? = 0
configure:3489: result: yes
configure:3489: checking for inttypes.h
configure:3489: /Users/visy/dev/emscripten/emscripten/1.8.2/emcc -c   conftest.c >&5
configure:3489: $? = 0
configure:3489: result: yes
configure:3489: checking for stdint.h
configure:3489: /Users/visy/dev/emscripten/emscripten/1.8.2/emcc -c   conftest.c >&5
configure:3489: $? = 0
configure:3489: result: yes
configure:3489: checking for unistd.h
configure:3489: /Users/visy/dev/emscripten/emscripten/1.8.2/emcc -c   conftest.c >&5
configure:3489: $? = 0
configure:3489: result: yes
configure:3501: checking whether byte ordering is bigendian
configure:3516: /Users/visy/dev/emscripten/emscripten/1.8.2/emcc -c   conftest.c >&5
configure:3516: $? = 0
configure:3561: /Users/visy/dev/emscripten/emscripten/1.8.2/emcc -c   conftest.c >&5
configure:3561: $? = 0
configure:3579: /Users/visy/dev/emscripten/emscripten/1.8.2/emcc -c   conftest.c >&5
conftest.c:19:4: error: use of undeclared identifier 'not'
                 not big endian
                 ^
1 error generated.
configure:3579: $? = 1
configure: failed program was:
| #define STDC_HEADERS 1
| #define HAVE_SYS_TYPES_H 1
| #define HAVE_SYS_STAT_H 1
| #define HAVE_STDLIB_H 1
| #define HAVE_STRING_H 1
| #define HAVE_MEMORY_H 1
| #define HAVE_STRINGS_H 1
| #define HAVE_INTTYPES_H 1
| #define HAVE_STDINT_H 1
| #define HAVE_UNISTD_H 1
| /* end confdefs.h.  */
| #include <sys/types.h>
| 		#include <sys/param.h>
| 
| int
| main ()
| {
| #if BYTE_ORDER != BIG_ENDIAN
| 		 not big endian
| 		#endif
| 
|   ;
|   return 0;
| }
configure:3707: result: no
configure:3750: checking for _WIN32 defined
configure:3772: /Users/visy/dev/emscripten/emscripten/1.8.2/emcc -c   conftest.c >&5
conftest.c:20:5: error: use of undeclared identifier 'choke'
    choke me
    ^
1 error generated.
configure:3772: $? = 1
configure: failed program was:
| #define STDC_HEADERS 1
| #define HAVE_SYS_TYPES_H 1
| #define HAVE_SYS_STAT_H 1
| #define HAVE_STDLIB_H 1
| #define HAVE_STRING_H 1
| #define HAVE_MEMORY_H 1
| #define HAVE_STRINGS_H 1
| #define HAVE_INTTYPES_H 1
| #define HAVE_STDINT_H 1
| #define HAVE_UNISTD_H 1
| /* end confdefs.h.  */
| 
| int
| main ()
| {
| 
|     #ifdef _WIN32
|     int ok;
|     #else
|     choke me
|     #endif
| 
|   ;
|   return 0;
| }
configure:3779: result: no
configure:3790: checking for __APPLE__ defined
configure:3812: /Users/visy/dev/emscripten/emscripten/1.8.2/emcc -c   conftest.c >&5
conftest.c:20:5: error: use of undeclared identifier 'choke'
    choke me
    ^
1 error generated.
configure:3812: $? = 1
configure: failed program was:
| #define STDC_HEADERS 1
| #define HAVE_SYS_TYPES_H 1
| #define HAVE_SYS_STAT_H 1
| #define HAVE_STDLIB_H 1
| #define HAVE_STRING_H 1
| #define HAVE_MEMORY_H 1
| #define HAVE_STRINGS_H 1
| #define HAVE_INTTYPES_H 1
| #define HAVE_STDINT_H 1
| #define HAVE_UNISTD_H 1
| /* end confdefs.h.  */
| 
| int
| main ()
| {
| 
|     #ifdef __APPLE__
|     int ok;
|     #else
|     choke me
|     #endif
| 
|   ;
|   return 0;
| }
configure:3819: result: no
configure:3837: checking whether compiler understands -Wall
configure:3850: /Users/visy/dev/emscripten/emscripten/1.8.2/emcc -c  -Wall  conftest.c >&5
configure:3850: $? = 0
configure:3858: result: yes
configure:3865: checking whether compiler understands -xldscope=hidden
configure:3878: /Users/visy/dev/emscripten/emscripten/1.8.2/emcc -c  -Wall -xldscope=hidden  conftest.c >&5
clang: error: language not recognized: 'ldscope=hidden'
clang: warning: conftest.c: 'linker' input unused
configure:3878: $? = 1
configure: failed program was:
| #define STDC_HEADERS 1
| #define HAVE_SYS_TYPES_H 1
| #define HAVE_SYS_STAT_H 1
| #define HAVE_STDLIB_H 1
| #define HAVE_STRING_H 1
| #define HAVE_MEMORY_H 1
| #define HAVE_STRINGS_H 1
| #define HAVE_INTTYPES_H 1
| #define HAVE_STDINT_H 1
| #define HAVE_UNISTD_H 1
| /* end confdefs.h.  */
| 
|   int main(){}
configure:3886: result: no
configure:3892: checking whether compiler understands -fvisibility=hidden
configure:3905: /Users/visy/dev/emscripten/emscripten/1.8.2/emcc -c  -Wall -fvisibility=hidden  conftest.c >&5
configure:3905: $? = 0
configure:3913: result: yes
configure:3923: checking whether compiler understands -Wunknown-warning-option
configure:3936: /Users/visy/dev/emscripten/emscripten/1.8.2/emcc -c  -Wall -Wunknown-warning-option  conftest.c >&5
configure:3936: $? = 0
configure:3944: result: yes
configure:3951: checking whether compiler understands -Wunused-but-set-variable
configure:3964: /Users/visy/dev/emscripten/emscripten/1.8.2/emcc -c  -Wall -Wno-unknown-warning-option -Wunused-but-set-variable  conftest.c >&5
configure:3964: $? = 0
configure:3972: result: yes
configure:3979: checking whether compiler understands -Wunused-result
configure:3992: /Users/visy/dev/emscripten/emscripten/1.8.2/emcc -c  -Wall -Wno-unknown-warning-option -Wno-unused-but-set-variable -Wunused-result  conftest.c >&5
configure:3992: $? = 0
configure:4000: result: yes
configure:4007: checking whether compiler understands -Warray-bounds
configure:4020: /Users/visy/dev/emscripten/emscripten/1.8.2/emcc -c  -Wall -Wno-unknown-warning-option -Wno-unused-but-set-variable -Wno-unused-result -Warray-bounds  conftest.c >&5
configure:4020: $? = 0
configure:4028: result: yes
configure:4035: checking whether alloca() needs alloca.h
configure:4049: /Users/visy/dev/emscripten/emscripten/1.8.2/emcc -c  -Wall -Wno-unknown-warning-option -Wno-unused-but-set-variable -Wno-unused-result -Wno-array-bounds   conftest.c >&5
configure:4049: $? = 0
configure:4057: result: yes
configure:4064: checking for pow in -lm
configure:4089: /Users/visy/dev/emscripten/emscripten/1.8.2/emcc -o conftest  -Wall -Wno-unknown-warning-option -Wno-unused-but-set-variable -Wno-unused-result -Wno-array-bounds   -fvisibility=hidden conftest.c -lm   >&5
conftest.c:20:6: warning: incompatible redeclaration of library function 'pow'
char pow ();
     ^
conftest.c:20:6: note: 'pow' is a builtin with type 'double (double, double)'
1 warning generated.
configure:4089: $? = 0
configure:4098: result: yes
configure:4264: creating ./config.status

## ---------------------- ##
## Running config.status. ##
## ---------------------- ##

This file was extended by config.status, which was
generated by GNU Autoconf 2.69.  Invocation command line was

  CONFIG_FILES    = 
  CONFIG_HEADERS  = 
  CONFIG_LINKS    = 
  CONFIG_COMMANDS = 
  $ ./config.status 

on Visa-Valtteris-MacBook-Pro.local

config.status:739: creating Makefile
config.status:739: creating libxmp.pc

## ---------------- ##
## Cache variables. ##
## ---------------- ##

ac_cv_build=x86_64-apple-darwin13.0.2
ac_cv_c_bigendian=no
ac_cv_c_compiler_gnu=yes
ac_cv_c_flag_f_visibility_hidden=yes
ac_cv_c_flag_w_all=yes
ac_cv_c_flag_w_array_bounds=yes
ac_cv_c_flag_w_have_alloca_h=yes
ac_cv_c_flag_w_unknown_warning_option=yes
ac_cv_c_flag_w_unused_but_set_variable=yes
ac_cv_c_flag_w_unused_result=yes
ac_cv_c_flag_xldscope_hidden=no
ac_cv_defined__WIN32=no
ac_cv_defined___APPLE__=no
ac_cv_env_CC_set=set
ac_cv_env_CC_value=/Users/visy/dev/emscripten/emscripten/1.8.2/emcc
ac_cv_env_CFLAGS_set=set
ac_cv_env_CFLAGS_value=
ac_cv_env_CPPFLAGS_set=
ac_cv_env_CPPFLAGS_value=
ac_cv_env_CPP_set=
ac_cv_env_CPP_value=
ac_cv_env_LDFLAGS_set=
ac_cv_env_LDFLAGS_value=
ac_cv_env_LIBS_set=
ac_cv_env_LIBS_value=
ac_cv_env_build_alias_set=
ac_cv_env_build_alias_value=
ac_cv_env_host_alias_set=
ac_cv_env_host_alias_value=
ac_cv_env_target_alias_set=
ac_cv_env_target_alias_value=
ac_cv_header_inttypes_h=yes
ac_cv_header_memory_h=yes
ac_cv_header_stdc=yes
ac_cv_header_stdint_h=yes
ac_cv_header_stdlib_h=yes
ac_cv_header_string_h=yes
ac_cv_header_strings_h=yes
ac_cv_header_sys_stat_h=yes
ac_cv_header_sys_types_h=yes
ac_cv_header_unistd_h=yes
ac_cv_host=x86_64-apple-darwin13.0.2
ac_cv_lib_m_pow=yes
ac_cv_objext=o
ac_cv_path_EGREP='/usr/bin/grep -E'
ac_cv_path_GREP=/usr/bin/grep
ac_cv_path_install='/usr/bin/install -c'
ac_cv_prog_CPP='/Users/visy/dev/emscripten/emscripten/1.8.2/emcc -E'
ac_cv_prog_ac_ct_CC=/Users/visy/dev/emscripten/emscripten/1.8.2/emcc
ac_cv_prog_ac_ct_RANLIB=/Users/visy/dev/emscripten/emscripten/1.8.2/emranlib
ac_cv_prog_cc_c89=
ac_cv_prog_cc_g=yes

## ----------------- ##
## Output variables. ##
## ----------------- ##

CC='/Users/visy/dev/emscripten/emscripten/1.8.2/emcc'
CFLAGS=' -Wall -Wno-unknown-warning-option -Wno-unused-but-set-variable -Wno-unused-result -Wno-array-bounds'
CPP='/Users/visy/dev/emscripten/emscripten/1.8.2/emcc -E'
CPPFLAGS=''
DEFS='-DSTDC_HEADERS=1 -DHAVE_SYS_TYPES_H=1 -DHAVE_SYS_STAT_H=1 -DHAVE_STDLIB_H=1 -DHAVE_STRING_H=1 -DHAVE_MEMORY_H=1 -DHAVE_STRINGS_H=1 -DHAVE_INTTYPES_H=1 -DHAVE_STDINT_H=1 -DHAVE_UNISTD_H=1 -DHAVE_ALLOCA_H=1 -DHAVE_LIBM=1'
ECHO_C='\c'
ECHO_N=''
ECHO_T=''
EGREP='/usr/bin/grep -E'
EXEEXT=''
GREP='/usr/bin/grep'
INSTALL_DATA='${INSTALL} -m 644'
INSTALL_PROGRAM='${INSTALL}'
INSTALL_SCRIPT='${INSTALL}'
LDFLAGS=' -fvisibility=hidden'
LD_VERSCRIPT='-Wl,--version-script,libxmp.map'
LIBOBJS=''
LIBS='-lm '
LTLIBOBJS=''
OBJEXT='o'
PACKAGE_BUGREPORT=''
PACKAGE_NAME=''
PACKAGE_STRING=''
PACKAGE_TARNAME=''
PACKAGE_URL=''
PACKAGE_VERSION=''
PATH_SEPARATOR=':'
RANLIB='/Users/visy/dev/emscripten/emscripten/1.8.2/emranlib'
SHARED='shared'
SHELL='/bin/sh'
STATIC=''
ac_ct_CC='/Users/visy/dev/emscripten/emscripten/1.8.2/emcc'
bindir='${exec_prefix}/bin'
build='x86_64-apple-darwin13.0.2'
build_alias=''
build_cpu='x86_64'
build_os='darwin13.0.2'
build_vendor='apple'
datadir='${datarootdir}'
datarootdir='${prefix}/share'
docdir='${datarootdir}/doc/${PACKAGE}'
dvidir='${docdir}'
exec_prefix='${prefix}'
host='x86_64-apple-darwin13.0.2'
host_alias=''
host_cpu='x86_64'
host_os='darwin13.0.2'
host_vendor='apple'
htmldir='${docdir}'
includedir='${prefix}/include'
infodir='${datarootdir}/info'
libdir='${exec_prefix}/lib'
libexecdir='${exec_prefix}/libexec'
localedir='${datarootdir}/locale'
localstatedir='${prefix}/var'
mandir='${datarootdir}/man'
oldincludedir='/usr/include'
pdfdir='${docdir}'
prefix='/usr/local'
program_transform_name='s,x,x,'
psdir='${docdir}'
sbindir='${exec_prefix}/sbin'
sharedstatedir='${prefix}/com'
sysconfdir='${prefix}/etc'
target_alias=''

## ----------- ##
## confdefs.h. ##
## ----------- ##

#define STDC_HEADERS 1
#define HAVE_SYS_TYPES_H 1
#define HAVE_SYS_STAT_H 1
#define HAVE_STDLIB_H 1
#define HAVE_STRING_H 1
#define HAVE_MEMORY_H 1
#define HAVE_STRINGS_H 1
#define HAVE_INTTYPES_H 1
#define HAVE_STDINT_H 1
#define HAVE_UNISTD_H 1
#define HAVE_ALLOCA_H 1
#define HAVE_LIBM 1

configure: exit 0
